app/proguard-rules.pro
-keepclasseswithmembers class org.matrix.TEESimulator.MainKt {
    public static void main(java.lang.String[]);
}