app/build/outputs/mapping/release/configuration.txt
# The proguard configuration file for the following section is release/processReleaseResources/aapt_rules.txt

# End of content from release/processReleaseResources/aapt_rules.txt
# The proguard configuration file for the following section is app/proguard-rules.pro
-keep class org.matrix.TEESimulator.interception.keystore.** { *; }

-keep class org.bouncycastle.jcajce.provider.** { *; }
-keep class org.bouncycastle.jce.provider.** { *; }
-dontwarn javax.naming.**

-keepclasseswithmembers class org.matrix.TEESimulator.App {
    public static void main(java.lang.String[]);
}

-keepclasseswithmembers class org.matrix.TEESimulator.pki.NativeCertGen {
    native <methods>;
    *;
}
-keep class org.matrix.TEESimulator.pki.CertGenConfig { *; }

# End of content from app/proguard-rules.pro
# The proguard configuration file for the following section is <unknown>

# End of content from <unknown>