app/build/outputs/mapping/release/seeds.txt
org.matrix.TEESimulator.interception.keystore.KeystoreInterceptor$generateKeyHandlers$2$3
org.matrix.TEESimulator.interception.keystore.shim.KeyMintSecurityLevelInterceptor$Companion
org.matrix.TEESimulator.interception.keystore.KeystoreInterceptor
org.matrix.TEESimulator.interception.keystore.Keystore2MaintenanceInterceptor
org.matrix.TEESimulator.interception.keystore.shim.KeyAgreementPrimitive
org.matrix.TEESimulator.interception.keystore.InterceptorUtils$ReplyDiagnostic
org.matrix.TEESimulator.interception.keystore.ListEntriesHandler$ListEntriesParams
org.matrix.TEESimulator.interception.keystore.shim.KeyMintSecurityLevelInterceptor$GeneratedKeyInfo
org.matrix.TEESimulator.interception.keystore.shim.CryptoPrimitive$DefaultImpls
org.matrix.TEESimulator.interception.keystore.shim.KeyMintSecurityLevelInterceptor$Companion$SoftwareGrant
org.matrix.TEESimulator.interception.keystore.LegacyKeygenParameters$Companion
org.matrix.TEESimulator.interception.keystore.shim.SoftwareOperation$Companion
org.matrix.TEESimulator.interception.keystore.shim.KeyMintSecurityLevelInterceptor
org.matrix.TEESimulator.interception.keystore.KeystoreInterceptor$generateKeyHandlers$2$1
org.matrix.TEESimulator.interception.keystore.LegacyKeygenParameters
org.matrix.TEESimulator.interception.keystore.shim.VendorQuirks
org.matrix.TEESimulator.interception.keystore.KeyIdentifier
org.matrix.TEESimulator.interception.keystore.shim.CipherPrimitive
org.matrix.TEESimulator.interception.keystore.shim.Verifier
org.matrix.TEESimulator.interception.keystore.shim.PersistedKeyData
org.matrix.TEESimulator.interception.keystore.shim.OperationInterceptor
org.matrix.TEESimulator.interception.keystore.InterceptorUtils
org.matrix.TEESimulator.interception.keystore.KeystoreInterceptor$generateKeyHandlers$2$4
org.matrix.TEESimulator.interception.keystore.shim.KeystoreErrorCodes
org.matrix.TEESimulator.interception.keystore.shim.SoftwareOperation
org.matrix.TEESimulator.interception.keystore.shim.SoftwareOperationBinder
org.matrix.TEESimulator.interception.keystore.shim.JcaAlgorithmMapper
org.matrix.TEESimulator.interception.keystore.shim.OperationInterceptor$Companion
org.matrix.TEESimulator.interception.keystore.shim.GeneratedKeyPersistence
org.matrix.TEESimulator.interception.keystore.shim.AuthorizeCreate
org.matrix.TEESimulator.interception.keystore.shim.CryptoPrimitive
org.matrix.TEESimulator.interception.keystore.AbstractKeystoreInterceptor
org.matrix.TEESimulator.interception.keystore.shim.Signer
org.matrix.TEESimulator.pki.CertGenConfig
org.matrix.TEESimulator.App
org.matrix.TEESimulator.pki.NativeCertGen
org.matrix.TEESimulator.interception.keystore.Keystore2Interceptor
org.matrix.TEESimulator.interception.keystore.ListEntriesHandler
org.matrix.TEESimulator.interception.keystore.KeystoreInterceptor$generateKeyHandlers$2$2
org.matrix.TEESimulator.interception.keystore.shim.KeyMintSecurityLevelInterceptorKt
org.matrix.TEESimulator.interception.keystore.Keystore2Interceptor: int DELETE_KEY_TRANSACTION
org.matrix.TEESimulator.interception.keystore.shim.KeystoreErrorCodes: kotlin.Lazy tooMuchData$delegate
org.matrix.TEESimulator.pki.CertGenConfig: long originationExpireDatetime
org.matrix.TEESimulator.interception.keystore.shim.VendorQuirks: org.matrix.TEESimulator.interception.keystore.shim.VendorQuirks INSTANCE
org.matrix.TEESimulator.interception.keystore.ListEntriesHandler$ListEntriesParams: long namespace
org.matrix.TEESimulator.pki.CertGenConfig: boolean noAuthRequired
org.matrix.TEESimulator.interception.core.BinderInterceptor: int POST_TRANSACT_CODE
org.matrix.TEESimulator.interception.keystore.shim.SoftwareOperationBinder: org.matrix.TEESimulator.interception.keystore.shim.SoftwareOperation operation
org.matrix.TEESimulator.pki.CertGenConfig: int uid
org.matrix.TEESimulator.interception.keystore.Keystore2Interceptor: int GET_KEY_ENTRY_TRANSACTION
...
org.bouncycastle.jce.provider.PKIXPolicyNode: void setExpectedPolicies(java.util.Set)
org.bouncycastle.jcajce.provider.asymmetric.mldsa.SignatureSpi$MLDSA44: SignatureSpi$MLDSA44()
org.bouncycastle.jcajce.provider.symmetric.util.BaseBlockCipher: BaseBlockCipher(org.bouncycastle.crypto.BlockCipher,boolean,int)
org.bouncycastle.jcajce.provider.asymmetric.ec.IESCipher$ECIESwithSHA384andDESedeCBC: IESCipher$ECIESwithSHA384andDESedeCBC()
org.bouncycastle.jce.provider.PKIXNameConstraintValidator: void intersectPermittedSubtree(org.bouncycastle.asn1.x509.GeneralSubtree[])
org.bouncycastle.jcajce.provider.symmetric.Salsa20$Mappings: Salsa20$Mappings()
org.bouncycastle.jcajce.provider.symmetric.Camellia$AlgParamGen: void engineInit(java.security.spec.AlgorithmParameterSpec,java.security.SecureRandom)
org.bouncycastle.jce.provider.ProvOcspRevocationChecker: java.lang.String getSignatureName(org.bouncycastle.asn1.x509.AlgorithmIdentifier)
org.bouncycastle.jcajce.provider.asymmetric.ecgost.BCECGOST3410PrivateKey: BCECGOST3410PrivateKey(java.lang.String,org.bouncycastle.crypto.params.ECPrivateKeyParameters,org.bouncycastle.jcajce.provider.asymmetric.ecgost.BCECGOST3410PublicKey,org.bouncycastle.jce.spec.ECParameterSpec)
org.bouncycastle.jcajce.provider.digest.Skein$HashMac_512_384: Skein$HashMac_512_384()
org.bouncycastle.jcajce.provider.asymmetric.slhdsa.SLHDSAKeyFactorySpi$HashShake_256f: SLHDSAKeyFactorySpi$HashShake_256f()
org.bouncycastle.jcajce.provider.asymmetric.slhdsa.SLHDSAKeyFactorySpi$Sha2_192s: SLHDSAKeyFactorySpi$Sha2_192s()
org.bouncycastle.jcajce.provider.symmetric.AES$AESCCMMAC256: AES$AESCCMMAC256()
org.bouncycastle.jcajce.provider.asymmetric.rsa.X931SignatureSpi: byte[] engineSign()
org.bouncycastle.jcajce.provider.asymmetric.rsa.PSSSignatureSpi: boolean engineVerify(byte[])
org.bouncycastle.jcajce.provider.asymmetric.ecgost.BCECGOST3410PublicKey: java.lang.String getFormat()
org.bouncycastle.jce.provider.JDKDSAPublicKey: java.security.interfaces.DSAParams getParams()
org.bouncycastle.jcajce.provider.asymmetric.x509.X509CertificateObject$X509CertificateEncodingException: java.lang.Throwable getCause()
org.bouncycastle.jcajce.provider.symmetric.CAST6: CAST6()
org.bouncycastle.jcajce.provider.asymmetric.x509.PEMUtil$Boundaries: boolean isTheExpectedHeader(java.lang.String)
org.bouncycastle.jcajce.provider.asymmetric.rsa.BCRSAPrivateKey: byte[] getEncoding(org.bouncycastle.asn1.x509.AlgorithmIdentifier)
org.bouncycastle.jcajce.provider.symmetric.SM4$KeyGen: SM4$KeyGen()
org.bouncycastle.jcajce.provider.asymmetric.elgamal.BCElGamalPrivateKey: void setFriendlyName(java.lang.String)
org.bouncycastle.jcajce.provider.asymmetric.util.EC5Util$CustomCurves: org.bouncycastle.math.ec.ECCurve substitute(org.bouncycastle.math.ec.ECCurve)
org.bouncycastle.jce.provider.BouncyCastleProvider: org.bouncycastle.jcajce.provider.util.AsymmetricKeyInfoConverter getKeyInfoConverter(org.bouncycastle.asn1.ASN1ObjectIdentifier)
org.bouncycastle.jcajce.provider.symmetric.HKDF$HKDFwithSHA512: HKDF$HKDFwithSHA512()
org.bouncycastle.jcajce.provider.digest.Skein$Digest_256_256: Skein$Digest_256_256()
org.bouncycastle.jcajce.provider.asymmetric.mldsa.HashSignatureSpi: void signInit(java.security.PrivateKey,java.security.SecureRandom)
org.bouncycastle.jce.provider.ProvOcspRevocationChecker: org.bouncycastle.asn1.ocsp.CertID createCertID(org.bouncycastle.asn1.x509.AlgorithmIdentifier,org.bouncycastle.asn1.x509.Certificate,org.bouncycastle.asn1.ASN1Integer)
org.bouncycastle.jce.provider.X509StoreLDAPCRLs: X509StoreLDAPCRLs()
org.bouncycastle.jce.provider.JCEDHPrivateKey: JCEDHPrivateKey(org.bouncycastle.asn1.pkcs.PrivateKeyInfo)
org.bouncycastle.jcajce.provider.asymmetric.ecgost12.KeyFactorySpi: java.security.PrivateKey generatePrivate(org.bouncycastle.asn1.pkcs.PrivateKeyInfo)
kotlin.jvm.internal.FunctionReference: int hashCode()
org.bouncycastle.jce.provider.X509CertificateObject: java.util.Date getNotBefore()