app/build/outputs/mapping/release/usage.txt
org.matrix.TEESimulator.App:
    private static final long RETRY_DELAY_MS
org.matrix.TEESimulator.BuildConfig
org.matrix.TEESimulator.R
org.matrix.TEESimulator.attestation.AttestationBuilder$Digest:
    public final byte[] component1()
    public final org.matrix.TEESimulator.attestation.AttestationBuilder$Digest copy(byte[])
    public static synthetic org.matrix.TEESimulator.attestation.AttestationBuilder$Digest copy$default(org.matrix.TEESimulator.attestation.AttestationBuilder$Digest,byte[],int,java.lang.Object)
org.matrix.TEESimulator.attestation.AttestationBuilder:
    static synthetic org.bouncycastle.asn1.DERSequence buildSoftwareEnforcedList$default(org.matrix.TEESimulator.attestation.AttestationBuilder,org.matrix.TEESimulator.attestation.KeyMintAttestation,int,int,long,int,java.lang.Object)
org.matrix.TEESimulator.attestation.AttestationConstants:
    public static final int CHALLENGE_LENGTH_LIMIT
    public static final org.matrix.TEESimulator.attestation.AttestationConstants INSTANCE
    public static final int KEY_DESCRIPTION_ATTESTATION_CHALLENGE_INDEX
    public static final int KEY_DESCRIPTION_ATTESTATION_SECURITY_LEVEL_INDEX
    public static final int KEY_DESCRIPTION_ATTESTATION_VERSION_INDEX
    public static final int KEY_DESCRIPTION_KEYMINT_SECURITY_LEVEL_INDEX
    public static final int KEY_DESCRIPTION_KEYMINT_VERSION_INDEX
    public static final int KEY_DESCRIPTION_SOFTWARE_ENFORCED_INDEX
    public static final int KEY_DESCRIPTION_TEE_ENFORCED_INDEX
    public static final int KEY_DESCRIPTION_UNIQUE_ID_INDEX
    public static final int ROOT_OF_TRUST_DEVICE_LOCKED_INDEX
    public static final int ROOT_OF_TRUST_VERIFIED_BOOT_HASH_INDEX
    public static final int ROOT_OF_TRUST_VERIFIED_BOOT_KEY_INDEX
    public static final int ROOT_OF_TRUST_VERIFIED_BOOT_STATE_INDEX
    public static final int TAG_ACTIVE_DATETIME
    public static final int TAG_ALGORITHM
    public static final int TAG_ALLOW_WHILE_ON_BODY
    public static final int TAG_APPLICATION_ID
    public static final int TAG_ATTESTATION_APPLICATION_ID
    public static final int TAG_ATTESTATION_CHALLENGE
    public static final int TAG_ATTESTATION_ID_BRAND
    public static final int TAG_ATTESTATION_ID_DEVICE
    public static final int TAG_ATTESTATION_ID_IMEI
org.matrix.TEESimulator.attestation.AttestationPatcher$ParsedAttestation:
    public final org.matrix.TEESimulator.attestation.AttestationPatcher$ParsedAttestation copy(org.bouncycastle.asn1.ASN1Encodable[],java.util.Map,org.bouncycastle.asn1.ASN1Encodable)
    public static synthetic org.matrix.TEESimulator.attestation.AttestationPatcher$ParsedAttestation copy$default(org.matrix.TEESimulator.attestation.AttestationPatcher$ParsedAttestation,org.bouncycastle.asn1.ASN1Encodable[],java.util.Map,org.bouncycastle.asn1.ASN1Encodable,int,java.lang.Object)
    public final org.bouncycastle.asn1.ASN1Encodable[] getAllFields()
    public final org.bouncycastle.asn1.ASN1Encodable getRootOfTrust()
    public final java.util.Map getTeeEnforcedMap()
org.matrix.TEESimulator.attestation.AttestationPatcher:
    static synthetic java.security.cert.Certificate createPatchedLeafCertificate$default(org.matrix.TEESimulator.attestation.AttestationPatcher,org.bouncycastle.cert.X509CertificateHolder,org.matrix.TEESimulator.attestation.AttestationPatcher$ParsedAttestation,org.matrix.TEESimulator.pki.KeyBox,int,java.util.Date,java.util.Date,int,java.lang.Object)
...
org.bouncycastle.util.encoders.BufferedDecoder
org.bouncycastle.util.encoders.BufferedEncoder
org.bouncycastle.util.encoders.Encoder:
    public abstract int decode(byte[],int,int,java.io.OutputStream)
    public abstract int getMaxDecodedLength(int)
org.bouncycastle.util.encoders.Hex:
    public void <init>()
    public static int decode(java.lang.String,java.io.OutputStream)
    public static byte[] decode(byte[])
    public static byte[] decode(byte[],int,int)
    public static int encode(byte[],int,int,java.io.OutputStream)
    public static int encode(byte[],java.io.OutputStream)
org.bouncycastle.util.encoders.HexEncoder:
    public int decode(byte[],int,int,java.io.OutputStream)
    public int getMaxDecodedLength(int)
org.bouncycastle.util.encoders.HexTranslator
org.bouncycastle.util.encoders.Translator
org.bouncycastle.util.encoders.UTF8:
    private static final byte C_CR1
    private static final byte C_CR2
    private static final byte C_CR3
    private static final byte C_ILL
    private static final byte C_L2A
    private static final byte C_L3A
    private static final byte C_L3B
    private static final byte C_L3C
    private static final byte C_L4A
    private static final byte C_L4B
    private static final byte C_L4C
    private static final byte S_CS1
    private static final byte S_CS2
    private static final byte S_CS3
    private static final byte S_END
    private static final byte S_ERR
    private static final byte S_P3A
    private static final byte S_P3B
    private static final byte S_P4A
    private static final byte S_P4B
    public void <init>()
    public static int transcodeToUTF16(byte[],char[])
org.bouncycastle.util.encoders.UrlBase64
org.bouncycastle.util.encoders.UrlBase64Encoder
org.bouncycastle.util.io.BufferingOutputStream
org.bouncycastle.util.io.LimitedBuffer
org.bouncycastle.util.io.SimpleOutputStream
org.bouncycastle.util.io.Streams:
    public void <init>()
    public static void drain(java.io.InputStream)
    public static void validateBufferArguments(byte[],int,int)
    public static void writeBufTo(java.io.ByteArrayOutputStream,java.io.OutputStream)
org.bouncycastle.util.io.TeeInputStream
org.bouncycastle.util.io.pem.PemGenerationException
org.bouncycastle.util.io.pem.PemReader:
    private static final java.lang.String BEGIN
    private static final java.lang.String END
    public static final java.lang.String LAX_PEM_PARSING_SYSTEM_PROPERTY_NAME
org.bouncycastle.util.io.pem.PemWriter:
    private static final int LINE_LENGTH
    public int getOutputSize(org.bouncycastle.util.io.pem.PemObject)
org.bouncycastle.util.test.FixedSecureRandom$BigInteger
org.bouncycastle.util.test.FixedSecureRandom$Data
org.bouncycastle.util.test.FixedSecureRandom$DummyProvider
org.bouncycastle.util.test.FixedSecureRandom$RandomChecker
org.bouncycastle.util.test.FixedSecureRandom$Source
org.bouncycastle.util.test.FixedSecureRandom
org.bouncycastle.util.test.NumberParsing
org.bouncycastle.util.test.SimpleTest$TestExceptionOperation
org.bouncycastle.util.test.SimpleTest
org.bouncycastle.util.test.SimpleTestResult
org.bouncycastle.util.test.Test
org.bouncycastle.util.test.TestFailedException
org.bouncycastle.util.test.TestRandomBigInteger
org.bouncycastle.util.test.TestRandomData
org.bouncycastle.util.test.TestRandomEntropySourceProvider$1
org.bouncycastle.util.test.TestRandomEntropySourceProvider
org.bouncycastle.util.test.TestResult
org.bouncycastle.util.test.UncloseableOutputStream
org.bouncycastle.voms.VOMSAttribute$FQAN
org.bouncycastle.voms.VOMSAttribute